[2022-08-28 19:57:50.337] [exthost] [info] Extension host with pid 10438 started
[2022-08-28 19:57:50.488] [exthost] [info] ExtensionService#_doActivateExtension vscode.extension-editing, startup: false, activationEvent: 'onLanguage:markdown'
[2022-08-28 19:57:50.496] [exthost] [info] ExtensionService#_doActivateExtension vscode.markdown-language-features, startup: false, activationEvent: 'onLanguage:markdown'
[2022-08-28 19:57:50.529] [exthost] [info] ExtensionService#_doActivateExtension humao.rest-client, startup: false, activationEvent: 'onLanguage:markdown'
[2022-08-28 19:57:50.602] [exthost] [info] ExtensionService#_doActivateExtension vscode.microsoft-authentication, startup: false, activationEvent: 'onAuthenticationRequest:microsoft'
[2022-08-28 19:57:50.627] [exthost] [info] ExtensionService#_doActivateExtension vscode.debug-auto-launch, startup: true, activationEvent: '*'
[2022-08-28 19:57:50.632] [exthost] [info] ExtensionService#_doActivateExtension vscode.git-base, startup: true, activationEvent: '*', root cause: vscode.git
[2022-08-28 19:57:50.637] [exthost] [info] ExtensionService#_doActivateExtension vscode.ipynb, startup: true, activationEvent: '*'
[2022-08-28 19:57:50.642] [exthost] [info] ExtensionService#_doActivateExtension dlasagno.wal-theme, startup: true, activationEvent: '*'
[2022-08-28 19:57:50.714] [exthost] [info] ExtensionService#_doActivateExtension ecmel.vscode-html-css, startup: true, activationEvent: '*'
[2022-08-28 19:57:50.745] [exthost] [info] ExtensionService#_doActivateExtension vscode-icons-team.vscode-icons, startup: true, activationEvent: '*'
[2022-08-28 19:57:50.859] [exthost] [info] ExtensionService#_doActivateExtension vscodevim.vim, startup: true, activationEvent: '*'
[2022-08-28 19:57:50.924] [exthost] [info] ExtensionService#_doActivateExtension Zignd.html-css-class-completion, startup: true, activationEvent: '*'
[2022-08-28 19:57:51.217] [exthost] [info] ExtensionService#_doActivateExtension vscode.git, startup: true, activationEvent: '*'
[2022-08-28 19:57:51.251] [exthost] [info] ExtensionService#_doActivateExtension vscode.github, startup: true, activationEvent: '*'
[2022-08-28 19:57:51.475] [exthost] [info] ExtensionService#_doActivateExtension vscode.markdown-math, startup: false, activationEvent: 'api', root cause: vscode.markdown-language-features
[2022-08-28 19:57:51.496] [exthost] [info] ExtensionService#_doActivateExtension vscode.github-authentication, startup: false, activationEvent: 'onAuthenticationRequest:github'
[2022-08-28 19:57:57.842] [exthost] [info] Eager extensions activated
[2022-08-28 19:57:57.855] [exthost] [info] ExtensionService#_doActivateExtension vscode.emmet, startup: false, activationEvent: 'onStartupFinished'
[2022-08-28 19:57:57.871] [exthost] [info] ExtensionService#_doActivateExtension vscode.merge-conflict, startup: false, activationEvent: 'onStartupFinished'
[2022-08-28 19:57:57.873] [exthost] [info] ExtensionService#_doActivateExtension aaron-bond.better-comments, startup: false, activationEvent: 'onStartupFinished'
[2022-08-28 20:10:18.493] [exthost] [info] Extension host terminating: received terminate message from renderer
[2022-08-28 20:10:18.506] [exthost] [error] Error: read ECONNRESET
    at Pipe.onStreamRead (node:internal/stream_base_commons:220:20)
[2022-08-28 20:10:18.507] [exthost] [info] Extension host with pid 10438 exiting with code 0
[2022-08-28 20:10:20.759] [exthost] [info] Extension host with pid 12406 started
[2022-08-28 20:10:20.759] [exthost] [info] Skipping acquiring lock for /home/h4ck4u/.config/Code/User/workspaceStorage/86d81089edc77413dc46f4f2ac417ac7.
[2022-08-28 20:10:20.906] [exthost] [info] ExtensionService#_doActivateExtension vscode.typescript-language-features, startup: false, activationEvent: 'onLanguage:javascript'
[2022-08-28 20:10:20.921] [exthost] [info] ExtensionService#_doActivateExtension vscode.microsoft-authentication, startup: false, activationEvent: 'onAuthenticationRequest:microsoft'
[2022-08-28 20:10:20.935] [exthost] [info] ExtensionService#_doActivateExtension vscode.debug-auto-launch, startup: true, activationEvent: '*'
[2022-08-28 20:10:20.937] [exthost] [info] ExtensionService#_doActivateExtension vscode.git-base, startup: true, activationEvent: '*', root cause: vscode.git
[2022-08-28 20:10:20.939] [exthost] [info] ExtensionService#_doActivateExtension vscode.ipynb, startup: true, activationEvent: '*'
[2022-08-28 20:10:20.946] [exthost] [info] ExtensionService#_doActivateExtension dlasagno.wal-theme, startup: true, activationEvent: '*'
[2022-08-28 20:10:20.975] [exthost] [info] ExtensionService#_doActivateExtension ecmel.vscode-html-css, startup: true, activationEvent: '*'
[2022-08-28 20:10:20.995] [exthost] [info] ExtensionService#_doActivateExtension vscode-icons-team.vscode-icons, startup: true, activationEvent: '*'
[2022-08-28 20:10:21.017] [exthost] [info] ExtensionService#_doActivateExtension vscodevim.vim, startup: true, activationEvent: '*'
[2022-08-28 20:10:21.060] [exthost] [info] ExtensionService#_doActivateExtension Zignd.html-css-class-completion, startup: true, activationEvent: '*'
[2022-08-28 20:10:21.578] [exthost] [info] ExtensionService#_doActivateExtension vscode.git, startup: true, activationEvent: '*'
[2022-08-28 20:10:21.599] [exthost] [info] ExtensionService#_doActivateExtension vscode.github, startup: true, activationEvent: '*'
[2022-08-28 20:10:21.761] [exthost] [info] ExtensionService#_doActivateExtension vscode.github-authentication, startup: false, activationEvent: 'onAuthenticationRequest:github'
[2022-08-28 20:10:22.666] [exthost] [info] Eager extensions activated
[2022-08-28 20:10:22.669] [exthost] [info] ExtensionService#_doActivateExtension vscode.emmet, startup: false, activationEvent: 'onStartupFinished'
[2022-08-28 20:10:22.676] [exthost] [info] ExtensionService#_doActivateExtension vscode.merge-conflict, startup: false, activationEvent: 'onStartupFinished'
[2022-08-28 20:10:22.678] [exthost] [info] ExtensionService#_doActivateExtension aaron-bond.better-comments, startup: false, activationEvent: 'onStartupFinished'
[2022-08-28 20:10:36.962] [exthost] [info] Extension host terminating: received terminate message from renderer
[2022-08-28 20:10:36.978] [exthost] [info] Extension host with pid 12406 exiting with code 0
[2022-08-28 20:10:39.266] [exthost] [info] Extension host with pid 12665 started
[2022-08-28 20:10:39.267] [exthost] [info] Skipping acquiring lock for /home/h4ck4u/.config/Code/User/workspaceStorage/3756ba60886755689269603c4cb55a96.
[2022-08-28 20:10:39.594] [exthost] [info] ExtensionService#_doActivateExtension vscode.typescript-language-features, startup: false, activationEvent: 'onLanguage:javascript'
[2022-08-28 20:10:39.607] [exthost] [info] ExtensionService#_doActivateExtension vscode.microsoft-authentication, startup: false, activationEvent: 'onAuthenticationRequest:microsoft'
[2022-08-28 20:10:39.622] [exthost] [info] ExtensionService#_doActivateExtension vscode.debug-auto-launch, startup: true, activationEvent: '*'
[2022-08-28 20:10:39.624] [exthost] [info] ExtensionService#_doActivateExtension vscode.git-base, startup: true, activationEvent: '*', root cause: vscode.git
[2022-08-28 20:10:39.628] [exthost] [info] ExtensionService#_doActivateExtension vscode.ipynb, startup: true, activationEvent: '*'
[2022-08-28 20:10:39.633] [exthost] [info] ExtensionService#_doActivateExtension dlasagno.wal-theme, startup: true, activationEvent: '*'
[2022-08-28 20:10:39.664] [exthost] [info] ExtensionService#_doActivateExtension ecmel.vscode-html-css, startup: true, activationEvent: '*'
[2022-08-28 20:10:39.687] [exthost] [info] ExtensionService#_doActivateExtension vscode-icons-team.vscode-icons, startup: true, activationEvent: '*'
[2022-08-28 20:10:39.708] [exthost] [info] ExtensionService#_doActivateExtension vscodevim.vim, startup: true, activationEvent: '*'
[2022-08-28 20:10:39.759] [exthost] [info] ExtensionService#_doActivateExtension Zignd.html-css-class-completion, startup: true, activationEvent: '*'
[2022-08-28 20:10:39.816] [exthost] [info] ExtensionService#_doActivateExtension vscode.npm, startup: true, activationEvent: 'workspaceContains:package.json'
[2022-08-28 20:10:40.345] [exthost] [info] ExtensionService#_doActivateExtension vscode.git, startup: true, activationEvent: '*'
[2022-08-28 20:10:40.368] [exthost] [info] ExtensionService#_doActivateExtension vscode.github, startup: true, activationEvent: '*'
[2022-08-28 20:10:40.556] [exthost] [info] ExtensionService#_doActivateExtension vscode.github-authentication, startup: false, activationEvent: 'onAuthenticationRequest:github'
[2022-08-28 20:10:42.001] [exthost] [info] Eager extensions activated
[2022-08-28 20:10:42.004] [exthost] [info] ExtensionService#_doActivateExtension vscode.emmet, startup: false, activationEvent: 'onStartupFinished'
[2022-08-28 20:10:42.010] [exthost] [info] ExtensionService#_doActivateExtension vscode.merge-conflict, startup: false, activationEvent: 'onStartupFinished'
[2022-08-28 20:10:42.013] [exthost] [info] ExtensionService#_doActivateExtension aaron-bond.better-comments, startup: false, activationEvent: 'onStartupFinished'
[2022-08-28 20:13:27.097] [exthost] [info] ExtensionService#_doActivateExtension vscode.configuration-editing, startup: false, activationEvent: 'onLanguage:jsonc'
[2022-08-28 20:13:27.105] [exthost] [info] ExtensionService#_doActivateExtension vscode.json-language-features, startup: false, activationEvent: 'onLanguage:jsonc'
[2022-08-28 20:23:45.647] [exthost] [info] Extension host terminating: received terminate message from renderer
[2022-08-28 20:23:45.683] [exthost] [info] Extension host with pid 12665 exiting with code 0
