[2022-08-27 22:17:47.364] [exthost] [info] Extension host with pid 30511 started
[2022-08-27 22:17:47.584] [exthost] [info] ExtensionService#_doActivateExtension vscode.microsoft-authentication, startup: false, activationEvent: 'onAuthenticationRequest:microsoft'
[2022-08-27 22:17:47.601] [exthost] [info] ExtensionService#_doActivateExtension vscode.debug-auto-launch, startup: true, activationEvent: '*'
[2022-08-27 22:17:47.603] [exthost] [info] ExtensionService#_doActivateExtension vscode.git-base, startup: true, activationEvent: '*', root cause: vscode.git
[2022-08-27 22:17:47.606] [exthost] [info] ExtensionService#_doActivateExtension vscode.ipynb, startup: true, activationEvent: '*'
[2022-08-27 22:17:47.609] [exthost] [info] ExtensionService#_doActivateExtension dlasagno.wal-theme, startup: true, activationEvent: '*'
[2022-08-27 22:17:47.641] [exthost] [info] ExtensionService#_doActivateExtension ecmel.vscode-html-css, startup: true, activationEvent: '*'
[2022-08-27 22:17:47.660] [exthost] [info] ExtensionService#_doActivateExtension vscodevim.vim, startup: true, activationEvent: '*'
[2022-08-27 22:17:47.720] [exthost] [info] ExtensionService#_doActivateExtension Zignd.html-css-class-completion, startup: true, activationEvent: '*'
[2022-08-27 22:17:47.837] [exthost] [info] ExtensionService#_doActivateExtension vscode.git, startup: true, activationEvent: '*'
[2022-08-27 22:17:47.858] [exthost] [info] ExtensionService#_doActivateExtension vscode.github, startup: true, activationEvent: '*'
[2022-08-27 22:17:47.993] [exthost] [info] Eager extensions activated
[2022-08-27 22:17:48.013] [exthost] [info] ExtensionService#_doActivateExtension vscode.emmet, startup: false, activationEvent: 'onStartupFinished'
[2022-08-27 22:17:48.021] [exthost] [info] ExtensionService#_doActivateExtension vscode.merge-conflict, startup: false, activationEvent: 'onStartupFinished'
[2022-08-27 22:17:48.023] [exthost] [info] ExtensionService#_doActivateExtension aaron-bond.better-comments, startup: false, activationEvent: 'onStartupFinished'
[2022-08-27 22:17:48.033] [exthost] [info] ExtensionService#_doActivateExtension vscode.github-authentication, startup: false, activationEvent: 'onAuthenticationRequest:github'
[2022-08-27 22:30:06.709] [exthost] [info] ExtensionService#_doActivateExtension vscode.configuration-editing, startup: false, activationEvent: 'onLanguage:jsonc'
[2022-08-27 22:30:06.716] [exthost] [info] ExtensionService#_doActivateExtension vscode.json-language-features, startup: false, activationEvent: 'onLanguage:jsonc'
[2022-08-27 22:30:06.747] [exthost] [info] ExtensionService#_doActivateExtension vscode.typescript-language-features, startup: false, activationEvent: 'onLanguage:jsonc'
[2022-08-27 22:33:05.601] [exthost] [info] Extension host terminating: received terminate message from renderer
[2022-08-27 22:33:05.990] [exthost] [error] TypeError: Converting circular structure to JSON
    --> starting at object with constructor 't'
    |     property '_readableState' -> object with constructor 'M'
    |     property 'pipes' -> object with constructor 'Array'
    |     index 0 -> object with constructor 't.ConsoleForElectron'
    --- property 'parent' closes the circle
    at JSON.stringify (<anonymous>)
    at /home/h4ck4u/.vscode/extensions/vscodevim.vim-1.23.2/src/register/register.ts:333:16
    at process.async (node:internal/process/task_queues:96:5)
    at Object.e.deactivate (/home/h4ck4u/.vscode/extensions/vscodevim.vim-1.23.2/extension.ts:64:8)
    at async Promise.all (index 15)
    at w._deactivateAll (/opt/visual-studio-code/resources/app/out/vs/workbench/api/node/extensionHostProcess.js:97:10669)
[2022-08-27 22:33:05.993] [exthost] [info] Extension host with pid 30511 exiting with code 0
[2022-08-27 22:33:07.747] [exthost] [info] Extension host with pid 33361 started
[2022-08-27 22:33:07.747] [exthost] [info] Skipping acquiring lock for /home/h4ck4u/.config/Code/User/workspaceStorage/58611bc2108bfa7287167f083e03b3ae.
[2022-08-27 22:33:07.989] [exthost] [info] ExtensionService#_doActivateExtension vscode.typescript-language-features, startup: false, activationEvent: 'onLanguage:javascript'
[2022-08-27 22:33:08.001] [exthost] [info] ExtensionService#_doActivateExtension vscode.microsoft-authentication, startup: false, activationEvent: 'onAuthenticationRequest:microsoft'
[2022-08-27 22:33:08.017] [exthost] [info] ExtensionService#_doActivateExtension vscode.debug-auto-launch, startup: true, activationEvent: '*'
[2022-08-27 22:33:08.019] [exthost] [info] ExtensionService#_doActivateExtension vscode.git-base, startup: true, activationEvent: '*', root cause: vscode.git
[2022-08-27 22:33:08.023] [exthost] [info] ExtensionService#_doActivateExtension vscode.ipynb, startup: true, activationEvent: '*'
[2022-08-27 22:33:08.027] [exthost] [info] ExtensionService#_doActivateExtension dlasagno.wal-theme, startup: true, activationEvent: '*'
[2022-08-27 22:33:08.059] [exthost] [info] ExtensionService#_doActivateExtension ecmel.vscode-html-css, startup: true, activationEvent: '*'
[2022-08-27 22:33:08.082] [exthost] [info] ExtensionService#_doActivateExtension vscodevim.vim, startup: true, activationEvent: '*'
[2022-08-27 22:33:08.134] [exthost] [info] ExtensionService#_doActivateExtension Zignd.html-css-class-completion, startup: true, activationEvent: '*'
[2022-08-27 22:33:08.477] [exthost] [info] ExtensionService#_doActivateExtension vscode.git, startup: true, activationEvent: '*'
[2022-08-27 22:33:08.505] [exthost] [info] ExtensionService#_doActivateExtension vscode.github, startup: true, activationEvent: '*'
[2022-08-27 22:33:08.661] [exthost] [info] ExtensionService#_doActivateExtension glenn2223.live-sass, startup: true, activationEvent: 'workspaceContains:**/*.s[ac]ss'
[2022-08-27 22:33:09.347] [exthost] [info] ExtensionService#_doActivateExtension vscode.github-authentication, startup: false, activationEvent: 'onAuthenticationRequest:github'
[2022-08-27 22:33:15.912] [exthost] [info] Eager extensions activated
[2022-08-27 22:33:15.960] [exthost] [info] ExtensionService#_doActivateExtension vscode.emmet, startup: false, activationEvent: 'onStartupFinished'
[2022-08-27 22:33:15.967] [exthost] [info] ExtensionService#_doActivateExtension vscode.merge-conflict, startup: false, activationEvent: 'onStartupFinished'
[2022-08-27 22:33:15.970] [exthost] [info] ExtensionService#_doActivateExtension aaron-bond.better-comments, startup: false, activationEvent: 'onStartupFinished'
[2022-08-27 22:33:23.881] [exthost] [info] ExtensionService#_doActivateExtension vscode.configuration-editing, startup: false, activationEvent: 'onLanguage:jsonc'
[2022-08-27 22:33:23.889] [exthost] [info] ExtensionService#_doActivateExtension vscode.json-language-features, startup: false, activationEvent: 'onLanguage:jsonc'
[2022-08-27 22:36:00.284] [exthost] [info] ExtensionService#_doActivateExtension vscode.extension-editing, startup: false, activationEvent: 'onLanguage:json'
[2022-08-27 22:36:00.292] [exthost] [info] ExtensionService#_doActivateExtension vscode.npm, startup: false, activationEvent: 'onLanguage:json'
[2022-08-27 22:39:50.505] [exthost] [info] ExtensionService#_doActivateExtension vscode.html-language-features, startup: false, activationEvent: 'onLanguage:html'
[2022-08-27 22:41:13.059] [exthost] [info] ExtensionService#_doActivateExtension vscode-icons-team.vscode-icons, startup: false, activationEvent: '*'
[2022-08-27 22:45:13.096] [exthost] [info] Extension host terminating: received terminate message from renderer
[2022-08-27 22:45:13.180] [exthost] [info] Extension host with pid 33361 exiting with code 0
