[16095][1661223354063][main][info]["Booting Postman 9.19.0, linux-5.15.59-1-lts on x64"]
[16095][1661223354066][main][info]["EventBus~initialize - Success"]
[16095][1661223354069][main][info]["Proxy configuration has not been setup"]
[16095][1661223354070][main][info]["CloudProxyManager~init - Success"]
[16095][1661223354079][main][info]["UpdateHandler~init - Success"]
[16095][1661223354082][main][info]["LeaderSelection: Initialized successfully"]
[16095][1661223354083][main][info]["VersionDependencyService: Initialized successfully"]
[16095][1661223354093][main][info]["LinuxAutoUpdater~Cleanup - Initial cleanup successful"]
[16095][1661223354097][main][info]["Generated root certificate for linux"]
[16095][1661223354162][main][info]["GPU detected VID 4098 DID 5686 ACTIVE true"]
[16095][1661223354162][main][info]["GPU detected VID 4318 DID 9504 ACTIVE false"]
[16095][1661223355318][main][info]["RuntimeIPCAgent~started: Success"]
[16095][1661223357674][main][info]["UpdateHandler~app-update-events - Received event",{"name":"checkForElectronVersionUpdated","namespace":"appUpdate"}]
[16095][1661223357695][main][info]["windowManager: First requester booted successfully."]
[16095][1661223357695][main][info]["windowManager~restoreWindows: Restoring requester windows"]
[16095][1661223357695][main][info]["Main~AppEvents - Received booted event for process requester.Version undefined UI Version: undefined Desktop Platform Version: 9.19.0"]
[16095][1661223361420][main][info]["VersionDependencyService: Resetting UI version as user logged out/switched account"]
[16095][1661223361420][main][info]["Main - model-events~user - (users, add) received"]
[16095][1661223362144][main][warn]["AuthHandler~open: Current app is not default protocol client - Falling back to polling mechanism."]
[16095][1661223382927][main][info]["Main - model-events~user - (authentication, get_auth_info) received"]
[16095][1661223382929][main][info]["Main - model-events~user - (authentication, authenticated) received"]
[16095][1661223382930][main][info]["UpdateHandler~app-update-events - Received event",{"name":"checkForElectronVersionUpdated","namespace":"appUpdate"}]
[16095][1661223382947][main][info]["windowManager: First requester booted successfully."]
[16095][1661223382947][main][info]["windowManager~restoreWindows: Restoring requester windows"]
[16095][1661223382947][main][info]["Main~AppEvents - Received booted event for process requester.Version 9.21.5 UI Version: 9.21.5-ui-220624-0945 Desktop Platform Version: 9.19.0"]
[16095][1661223383492][main][info]["Main - model-events~user - (user, update) received"]
[16095][1661223386948][main][info]["UpdateHandler~app-update-events - Received event",{"name":"checkForElectronVersionUpdated","namespace":"appUpdate"}]
[16095][1661223386967][main][info]["Main~AppEvents - Received booted event for process requester.Version 9.21.5 UI Version: 9.21.5-ui-220624-0945 Desktop Platform Version: 9.19.0"]
[16095][1661223387151][main][info]["Main - model-events~user - (authentication, get_auth_info) received"]
[16095][1661223387152][main][info]["Main - model-events~user - (authentication, authenticated) received"]
[16095][1661223387716][main][info]["Main - model-events~user - (user, update) received"]
[16095][1661223388519][main][info]["Main - model-events~user - (user, bootstrapUser) received"]
[16095][1661223389018][main][info]["Main - model-events~user - (user, bootstrapUser) received"]
[16095][1661223397530][main][info]["UpdateHandler~app-update-events - Received event",{"name":"updateElectron","namespace":"appUpdate","data":{"channel":"stable","version":"9.19.0","downloadVersion":"9.29.0","appId":"8afa4d55-2da9-4f39-b59b-85ae5832b957","userAgent":"Mozilla/5.0 (X11; Linux x86_64) AppleWebKit/537.36 (KHTML, like Gecko) Postman/9.19.0 Chrome/94.0.4606.81 Electron/15.5.0 Safari/537.36","platform":"LINUX","arch":"64","downloadURL":"https://dl.pstmn.io/download/version/9.29.0/linux_64","updateServerDomain":"https://dl.pstmn.io/","additionalParamsString":"installationId=8afa4d55-2da9-4f39-b59b-85ae5832b957&userId=19931124&syncEnabled=true&teamPlan=sync-free-3-trial&teamId=3196044","userId":"19931124"}}]
[16095][1661223397530][main][info]["LinuxUpdater~downloadUpdate - UpdateInfo received",{"channel":"stable","version":"9.19.0","downloadVersion":"9.29.0","appId":"8afa4d55-2da9-4f39-b59b-85ae5832b957","userAgent":"Mozilla/5.0 (X11; Linux x86_64) AppleWebKit/537.36 (KHTML, like Gecko) Postman/9.19.0 Chrome/94.0.4606.81 Electron/15.5.0 Safari/537.36","platform":"LINUX","arch":"64","downloadURL":"https://dl.pstmn.io/download/version/9.29.0/linux_64","updateServerDomain":"https://dl.pstmn.io/","additionalParamsString":"installationId=8afa4d55-2da9-4f39-b59b-85ae5832b957&userId=19931124&syncEnabled=true&teamPlan=sync-free-3-trial&teamId=3196044","userId":"19931124"}]
[16095][1661223397811][main][info]["@postman/app-updater: error",{"errno":-13,"code":"EACCES","syscall":"open","path":"/opt/postman/Postman-1661223397531.tar.gz","name":"Error","message":"EACCES: permission denied, open '/opt/postman/Postman-1661223397531.tar.gz'","stack":"Error: EACCES: permission denied, open '/opt/postman/Postman-1661223397531.tar.gz'"},{"packageName":"Postman","eID":"Postman-1661223397531","downloadURL":"https://dl.pstmn.io/download/version/9.29.0/linux_64","downloadDirectory":"/opt/postman","downloadInfo":{"status":"DOWNLOAD_ERROR","error":{"errno":-13,"code":"EACCES","syscall":"open","path":"/opt/postman/Postman-1661223397531.tar.gz"},"downloadDirectory":"/opt/postman"}}]
[16095][1661223397811][main][info]["UpdateHandler~app-update-events - Received event",{"name":"electronAppUpdateError","namespace":"appUpdate","data":{"error":{"errno":-13,"code":"EACCES","syscall":"open","path":"/opt/postman/Postman-1661223397531.tar.gz","name":"Error","message":"EACCES: permission denied, open '/opt/postman/Postman-1661223397531.tar.gz'","stack":"Error: EACCES: permission denied, open '/opt/postman/Postman-1661223397531.tar.gz'"},"updateData":{"packageName":"Postman","eID":"Postman-1661223397531","downloadURL":"https://dl.pstmn.io/download/version/9.29.0/linux_64","downloadDirectory":"/opt/postman","downloadInfo":{"status":"DOWNLOAD_ERROR","error":{"errno":-13,"code":"EACCES","syscall":"open","path":"/opt/postman/Postman-1661223397531.tar.gz"},"downloadDirectory":"/opt/postman"}}}}]
[16095][1661225125703][main][info]["WindowManager~closeHandler - Closed Window (id: 3 )"]
[16095][1661225125726][main][info]["Quitting app"]
[25370][1661226931338][main][info]["Booting Postman 9.19.0, linux-5.15.59-1-lts on x64"]
[25370][1661226931341][main][info]["EventBus~initialize - Success"]
[25370][1661226931343][main][info]["Proxy configuration has not been setup"]
[25370][1661226931344][main][info]["CloudProxyManager~init - Success"]
[25370][1661226931352][main][info]["UpdateHandler~init - Success"]
[25370][1661226931355][main][info]["LeaderSelection: Initialized successfully"]
[25370][1661226931356][main][info]["VersionDependencyService: Initialized successfully"]
[25370][1661226931365][main][info]["LinuxAutoUpdater~Cleanup - Initial cleanup successful"]
[25370][1661226932640][main][info]["GPU detected VID 4098 DID 5686 ACTIVE true"]
[25370][1661226932641][main][info]["GPU detected VID 4318 DID 9504 ACTIVE false"]
[25370][1661226933788][main][info]["RuntimeIPCAgent~started: Success"]
[25370][1661226936839][main][info]["UpdateHandler~app-update-events - Received event",{"name":"checkForElectronVersionUpdated","namespace":"appUpdate"}]
[25370][1661226936860][main][info]["windowManager: First requester booted successfully."]
[25370][1661226936860][main][info]["windowManager~restoreWindows: Restoring requester windows"]
[25370][1661226936861][main][info]["Main~AppEvents - Received booted event for process requester.Version 9.21.5 UI Version: 9.21.5-ui-220624-0945 Desktop Platform Version: 9.19.0"]
[25370][1661226938505][main][info]["Main - model-events~user - (user, bootstrapUser) received"]
[25370][1661226947461][main][info]["UpdateHandler~app-update-events - Received event",{"name":"updateElectron","namespace":"appUpdate","data":{"channel":"stable","version":"9.19.0","downloadVersion":"9.29.0","appId":"8afa4d55-2da9-4f39-b59b-85ae5832b957","userAgent":"Mozilla/5.0 (X11; Linux x86_64) AppleWebKit/537.36 (KHTML, like Gecko) Postman/9.19.0 Chrome/94.0.4606.81 Electron/15.5.0 Safari/537.36","platform":"LINUX","arch":"64","downloadURL":"https://dl.pstmn.io/download/version/9.29.0/linux_64","updateServerDomain":"https://dl.pstmn.io/","additionalParamsString":"installationId=8afa4d55-2da9-4f39-b59b-85ae5832b957&userId=19931124&syncEnabled=true&teamPlan=sync-free-3-trial&teamId=3196044","userId":"19931124"}}]
[25370][1661226947461][main][info]["LinuxUpdater~downloadUpdate - UpdateInfo received",{"channel":"stable","version":"9.19.0","downloadVersion":"9.29.0","appId":"8afa4d55-2da9-4f39-b59b-85ae5832b957","userAgent":"Mozilla/5.0 (X11; Linux x86_64) AppleWebKit/537.36 (KHTML, like Gecko) Postman/9.19.0 Chrome/94.0.4606.81 Electron/15.5.0 Safari/537.36","platform":"LINUX","arch":"64","downloadURL":"https://dl.pstmn.io/download/version/9.29.0/linux_64","updateServerDomain":"https://dl.pstmn.io/","additionalParamsString":"installationId=8afa4d55-2da9-4f39-b59b-85ae5832b957&userId=19931124&syncEnabled=true&teamPlan=sync-free-3-trial&teamId=3196044","userId":"19931124"}]
[25370][1661226947804][main][info]["@postman/app-updater: error",{"errno":-13,"code":"EACCES","syscall":"open","path":"/opt/postman/Postman-1661226947462.tar.gz","name":"Error","message":"EACCES: permission denied, open '/opt/postman/Postman-1661226947462.tar.gz'","stack":"Error: EACCES: permission denied, open '/opt/postman/Postman-1661226947462.tar.gz'"},{"packageName":"Postman","eID":"Postman-1661226947462","downloadURL":"https://dl.pstmn.io/download/version/9.29.0/linux_64","downloadDirectory":"/opt/postman","downloadInfo":{"status":"DOWNLOAD_ERROR","error":{"errno":-13,"code":"EACCES","syscall":"open","path":"/opt/postman/Postman-1661226947462.tar.gz"},"downloadDirectory":"/opt/postman"}}]
[25370][1661226947805][main][info]["UpdateHandler~app-update-events - Received event",{"name":"electronAppUpdateError","namespace":"appUpdate","data":{"error":{"errno":-13,"code":"EACCES","syscall":"open","path":"/opt/postman/Postman-1661226947462.tar.gz","name":"Error","message":"EACCES: permission denied, open '/opt/postman/Postman-1661226947462.tar.gz'","stack":"Error: EACCES: permission denied, open '/opt/postman/Postman-1661226947462.tar.gz'"},"updateData":{"packageName":"Postman","eID":"Postman-1661226947462","downloadURL":"https://dl.pstmn.io/download/version/9.29.0/linux_64","downloadDirectory":"/opt/postman","downloadInfo":{"status":"DOWNLOAD_ERROR","error":{"errno":-13,"code":"EACCES","syscall":"open","path":"/opt/postman/Postman-1661226947462.tar.gz"},"downloadDirectory":"/opt/postman"}}}}]
[25370][1661227602084][main][info]["WindowManager~closeHandler - Closed Window (id: 1 )"]
[25370][1661227602098][main][info]["Quitting app"]
