[16095][1661223354589][shell][info]["EventBus~initialize - Success"]
[16095][1661223354598][shell][info]["bootShellCrashReporter~ Success"]
[16095][1661223355322][shell][info]["shellController~init: Success"]
[16095][1661223355323][shell][info]["shellMeta~init: Success"]
[16095][1661223355323][shell][info]["partitionMigrationService: State of V7 partition:"]
[16095][1661223355324][shell][info]["partitionMigrationService: V7 partitions",[]]
[16095][1661223355324][shell][info]["partitionMigrationService: V7 lastActiveUser",null]
[16095][1661223355324][shell][info]["partitionMigrationService: V7 activePartition",null]
[16095][1661223355325][shell][info]["partitionMigrationService: V7 isPartitionDirty",null]
[16095][1661223355326][shell][info]["partitionMigrationService~rectifyNamespaceOfScratchPadPartition: There is no partition with scratchpad namespace"]
[16095][1661223355326][shell][info]["partitionMigrationService~rectifyNamespaceOfScratchPadPartition: There is no transit partition which could have been used for scratchpad"]
[16095][1661223355326][shell][info]["partitionMigrationService~init: Success"]
[16095][1661223355327][shell][info]["partitionMigrationService~runV8PartitionsIntegrity: Two way migration~ removing the following partitions from v8",[]]
[16095][1661223355327][shell][info]["userPartitionService~_rectifyTheActivePartitionOfApplication: Setting the active partition to ",null]
[16095][1661223355328][shell][info]["userPartitionService~init: Success"]
[16095][1661223355328][shell][info]["userPartitionService: State of v8 partition system:"]
[16095][1661223355328][shell][info]["userPartitionService: List of partitions:",[]]
[16095][1661223355329][shell][info]["userPartitionService: users global meta:",{"activePartition":null}]
[16095][1661223355329][shell][info]["shell~init~getPartitionToLoad: loading scratchpad partition"]
[16095][1661223355332][shell][info]["init~setViewAttributes - Initializing view with opts:"]
[16095][1661223355333][shell][info]["Shell~init~setViewAttributes: passing scratchpad partition id as ","574b68c9-9450-4818-bdeb-355b9b2e99c5"]
[16095][1661223355333][shell][info]["Shell~init~setViewAttributes: do we have any logged in users? ",false]
[16095][1661223355335][shell][info]["init~setViewAttributes - Success"]
[16095][1661223357692][shell][info]["Shell~init~sendUsersDataToRenderer",[]]
[16095][1661223357740][shell][info]["Shell~init~sendUsersDataToRenderer",[]]
[16095][1661223378945][shell][info]["EventBus~initialize - Success"]
[16095][1661223378955][shell][info]["bootShellCrashReporter~ Success"]
[16095][1661223378971][shell][info]["shellController~init: Success"]
[16095][1661223378972][shell][info]["shellMeta~init: Success"]
[16095][1661223378972][shell][info]["partitionMigrationService: State of V7 partition:"]
[16095][1661223378973][shell][info]["partitionMigrationService: V7 partitions",[]]
[16095][1661223378973][shell][info]["partitionMigrationService: V7 lastActiveUser",null]
[16095][1661223378973][shell][info]["partitionMigrationService: V7 activePartition",null]
[16095][1661223378974][shell][info]["partitionMigrationService: V7 isPartitionDirty",null]
[16095][1661223378974][shell][info]["partitionMigrationService~init: Success"]
[16095][1661223378975][shell][info]["partitionMigrationService~runV8PartitionsIntegrity: Two way migration~ removing the following partitions from v8",[]]
[16095][1661223378975][shell][info]["userPartitionService~_rectifyTheActivePartitionOfApplication: Setting the active partition to ",null]
[16095][1661223378976][shell][info]["userPartitionService~init: Success"]
[16095][1661223378977][shell][info]["Shell~init~loginUser: associating the user ","19931124"," with transit partition"]
[16095][1661223378979][shell][info]["userPartitionService~associateTransitPartition: ",{"partitionId":"bbd5b908-007c-4374-836a-4ff0500eed9a","context":{"namespace":"users","userId":"19931124","teamId":"3196044"}}]
[16095][1661223378979][shell][info]["userPartitionService: State of v8 partition system:"]
[16095][1661223378979][shell][info]["userPartitionService: List of partitions:",[{"partitionId":"bbd5b908-007c-4374-836a-4ff0500eed9a","namespace":"users","userId":"19931124","teamId":"3196044","lastUpdated":"2022-08-23T02:56:18.979Z"},{"partitionId":"574b68c9-9450-4818-bdeb-355b9b2e99c5","namespace":"scratchPad","userId":0,"teamId":0,"isDirty":false}]]
[16095][1661223378980][shell][info]["userPartitionService: users global meta:",{"activePartition":null}]
[16095][1661223378982][shell][info]["init~setViewAttributes - Initializing view with opts:"]
[16095][1661223378986][shell][info]["Shell~init~setViewAttributes: passing scratchpad partition id as ","574b68c9-9450-4818-bdeb-355b9b2e99c5"]
[16095][1661223378986][shell][info]["Shell~init~setViewAttributes: do we have any logged in users? ",true]
[16095][1661223378987][shell][info]["init~setViewAttributes - Success"]
[16095][1661223382947][shell][info]["Shell~init~sendUsersDataToRenderer",["19931124"]]
[16095][1661223383604][shell][info]["EventBus~initialize - Success"]
[16095][1661223383606][shell][info]["bootShellCrashReporter~ Success"]
[16095][1661223383619][shell][info]["shellController~init: Success"]
[16095][1661223383619][shell][info]["shellMeta~init: Success"]
[16095][1661223383619][shell][info]["partitionMigrationService: State of V7 partition:"]
[16095][1661223383619][shell][info]["partitionMigrationService: V7 partitions",[]]
[16095][1661223383619][shell][info]["partitionMigrationService: V7 lastActiveUser",null]
[16095][1661223383620][shell][info]["partitionMigrationService: V7 activePartition",null]
[16095][1661223383620][shell][info]["partitionMigrationService: V7 isPartitionDirty",null]
[16095][1661223383620][shell][info]["partitionMigrationService~init: Success"]
[16095][1661223383620][shell][info]["partitionMigrationService~runV8PartitionsIntegrity: Two way migration~ removing the following partitions from v8",[]]
[16095][1661223383620][shell][info]["userPartitionService~getRecentV8UserPartition: recent v8 user context partition ","bbd5b908-007c-4374-836a-4ff0500eed9a"]
[16095][1661223383621][shell][info]["userPartitionService~_rectifyTheActivePartitionOfApplication: Setting the active partition to ","bbd5b908-007c-4374-836a-4ff0500eed9a"]
[16095][1661223383621][shell][info]["userPartitionService~init: Success"]
[16095][1661223383621][shell][info]["Shell~init~loginUser: Updating existing user details"]
[16095][1661223383621][shell][info]["userPartitionService~associateTransitPartition: ",{"partitionId":"bbd5b908-007c-4374-836a-4ff0500eed9a","context":{"namespace":"users","userId":"19931124","teamId":"3196044"}}]
[16095][1661223383622][shell][info]["userPartitionService: State of v8 partition system:"]
[16095][1661223383622][shell][info]["userPartitionService: List of partitions:",[{"partitionId":"bbd5b908-007c-4374-836a-4ff0500eed9a","namespace":"users","userId":"19931124","teamId":"3196044","lastUpdated":"2022-08-23T02:56:23.621Z"},{"partitionId":"574b68c9-9450-4818-bdeb-355b9b2e99c5","namespace":"scratchPad","userId":0,"teamId":0,"isDirty":false}]]
[16095][1661223383623][shell][info]["userPartitionService: users global meta:",{"activePartition":"bbd5b908-007c-4374-836a-4ff0500eed9a"}]
[16095][1661223383624][shell][info]["init~setViewAttributes - Initializing view with opts:"]
[16095][1661223383626][shell][info]["Shell~init~setViewAttributes: passing scratchpad partition id as ","574b68c9-9450-4818-bdeb-355b9b2e99c5"]
[16095][1661223383626][shell][info]["Shell~init~setViewAttributes: do we have any logged in users? ",true]
[16095][1661223383627][shell][info]["init~setViewAttributes - Success"]
[16095][1661223386967][shell][info]["Shell~init~sendUsersDataToRenderer",["19931124"]]
[16095][1661223388520][shell][info]["model-events~user - bootstrapUser received"]
[16095][1661223389020][shell][info]["model-events~user - bootstrapUser received"]
[25370][1661226933068][shell][info]["EventBus~initialize - Success"]
[25370][1661226933077][shell][info]["bootShellCrashReporter~ Success"]
[25370][1661226933791][shell][info]["shellController~init: Success"]
[25370][1661226933791][shell][info]["shellMeta~init: Success"]
[25370][1661226933792][shell][info]["partitionMigrationService: State of V7 partition:"]
[25370][1661226933792][shell][info]["partitionMigrationService: V7 partitions",[]]
[25370][1661226933792][shell][info]["partitionMigrationService: V7 lastActiveUser",null]
[25370][1661226933792][shell][info]["partitionMigrationService: V7 activePartition",null]
[25370][1661226933793][shell][info]["partitionMigrationService: V7 isPartitionDirty",null]
[25370][1661226933793][shell][info]["partitionMigrationService~init: Success"]
[25370][1661226933794][shell][info]["partitionMigrationService~runV8PartitionsIntegrity: Two way migration~ removing the following partitions from v8",[]]
[25370][1661226933795][shell][info]["userPartitionService~getRecentV8UserPartition: recent v8 user context partition ","bbd5b908-007c-4374-836a-4ff0500eed9a"]
[25370][1661226933795][shell][info]["userPartitionService~_rectifyTheActivePartitionOfApplication: Setting the active partition to ","bbd5b908-007c-4374-836a-4ff0500eed9a"]
[25370][1661226933796][shell][info]["userPartitionService~init: Success"]
[25370][1661226933797][shell][info]["userPartitionService: State of v8 partition system:"]
[25370][1661226933797][shell][info]["userPartitionService: List of partitions:",[{"partitionId":"bbd5b908-007c-4374-836a-4ff0500eed9a","namespace":"users","userId":"19931124","teamId":"3196044","lastUpdated":"2022-08-23T02:56:23.621Z"},{"partitionId":"574b68c9-9450-4818-bdeb-355b9b2e99c5","namespace":"scratchPad","userId":0,"teamId":0,"isDirty":false}]]
[25370][1661226933797][shell][info]["userPartitionService: users global meta:",{"activePartition":"bbd5b908-007c-4374-836a-4ff0500eed9a"}]
[25370][1661226933798][shell][info]["shell~init~getPartitionToLoad: loading active partition"]
[25370][1661226933799][shell][info]["init~setViewAttributes - Initializing view with opts:"]
[25370][1661226933802][shell][info]["Shell~init~setViewAttributes: passing scratchpad partition id as ","574b68c9-9450-4818-bdeb-355b9b2e99c5"]
[25370][1661226933802][shell][info]["Shell~init~setViewAttributes: do we have any logged in users? ",true]
[25370][1661226933804][shell][info]["init~setViewAttributes - Success"]
[25370][1661226936860][shell][info]["Shell~init~sendUsersDataToRenderer",["19931124"]]
[25370][1661226938507][shell][info]["model-events~user - bootstrapUser received"]
[25370][1661226938509][shell][info]["userPartitionService~associateTransitPartition: ",{"partitionId":"bbd5b908-007c-4374-836a-4ff0500eed9a","context":{"namespace":"users","userId":"19931124","teamId":"3196044"}}]
[25370][1661226938509][shell][info]["userPartitionService: State of v8 partition system:"]
[25370][1661226938510][shell][info]["userPartitionService: List of partitions:",[{"partitionId":"bbd5b908-007c-4374-836a-4ff0500eed9a","namespace":"users","userId":"19931124","teamId":"3196044","lastUpdated":"2022-08-23T03:55:38.509Z"},{"partitionId":"574b68c9-9450-4818-bdeb-355b9b2e99c5","namespace":"scratchPad","userId":0,"teamId":0,"isDirty":false}]]
[25370][1661226938510][shell][info]["userPartitionService: users global meta:",{"activePartition":"bbd5b908-007c-4374-836a-4ff0500eed9a"}]
