[Info  - 01:10:40.762] Reading sessions from keychain...
[Info  - 01:10:40.859] Getting sessions for user:email...
[Info  - 01:10:40.975] Got 0 sessions for user:email...
[Info  - 01:10:41.25] Getting sessions for all scopes...
[Info  - 01:10:41.26] Got 0 sessions for ...
[Info  - 01:12:44.452] Getting sessions for all scopes...
[Info  - 01:12:44.453] Got 0 sessions for ...
[Info  - 01:12:46.672] Getting sessions for user:email...
[Info  - 01:12:46.672] Got 0 sessions for user:email...
[Info  - 01:12:50.20] Logging in for the following scopes: user:email
[Info  - 01:12:50.26] Trying without local server... (user:email)
[Trace  - 01:12:57.370] Handling Uri...
[Info  - 01:12:57.371] Exchanging code for token...
[Info  - 01:12:58.311] Token exchange success!
[Info  - 01:12:58.311] Getting user info...
[Info  - 01:12:58.740] Got account info!
[Info  - 01:12:58.741] Storing 1 sessions...
[Error  - 01:12:58.805] Setting token failed: Error: GDBus.Error:org.freedesktop.DBus.Error.ServiceUnknown: The name org.freedesktop.secrets was not provided by any .service files
[Info  - 01:12:58.806] Stored 1 sessions!
[Info  - 01:12:58.806] Login success!
[Info  - 01:12:58.818] Getting sessions for user:email...
[Info  - 01:12:58.818] Getting sessions for user:email...
[Info  - 01:12:58.818] Got 1 sessions for user:email...
[Info  - 01:12:58.819] Got 1 sessions for user:email...
[Info  - 01:13:21.144] Getting sessions for all scopes...
[Info  - 01:13:21.144] Got 1 sessions for ...
