[2022-08-27 22:09:08.593] [exthost] [info] Extension host with pid 28829 started
[2022-08-27 22:09:08.656] [exthost] [info] ExtensionService#_doActivateExtension vscode.microsoft-authentication, startup: false, activationEvent: 'onAuthenticationRequest:microsoft'
[2022-08-27 22:09:08.670] [exthost] [info] ExtensionService#_doActivateExtension vscode.debug-auto-launch, startup: true, activationEvent: '*'
[2022-08-27 22:09:08.672] [exthost] [info] ExtensionService#_doActivateExtension vscode.git-base, startup: true, activationEvent: '*', root cause: vscode.git
[2022-08-27 22:09:08.674] [exthost] [info] ExtensionService#_doActivateExtension vscode.ipynb, startup: true, activationEvent: '*'
[2022-08-27 22:09:08.677] [exthost] [info] ExtensionService#_doActivateExtension dlasagno.wal-theme, startup: true, activationEvent: '*'
[2022-08-27 22:09:08.699] [exthost] [info] ExtensionService#_doActivateExtension ecmel.vscode-html-css, startup: true, activationEvent: '*'
[2022-08-27 22:09:08.715] [exthost] [info] ExtensionService#_doActivateExtension vscodevim.vim, startup: true, activationEvent: '*'
[2022-08-27 22:09:08.767] [exthost] [info] ExtensionService#_doActivateExtension Zignd.html-css-class-completion, startup: true, activationEvent: '*'
[2022-08-27 22:09:08.850] [exthost] [info] ExtensionService#_doActivateExtension vscode.git, startup: true, activationEvent: '*'
[2022-08-27 22:09:08.867] [exthost] [info] ExtensionService#_doActivateExtension vscode.github, startup: true, activationEvent: '*'
[2022-08-27 22:09:08.972] [exthost] [info] Eager extensions activated
[2022-08-27 22:09:08.973] [exthost] [info] ExtensionService#_doActivateExtension vscode.github-authentication, startup: false, activationEvent: 'onAuthenticationRequest:github'
[2022-08-27 22:09:08.987] [exthost] [info] ExtensionService#_doActivateExtension vscode.emmet, startup: false, activationEvent: 'onStartupFinished'
[2022-08-27 22:09:08.991] [exthost] [info] ExtensionService#_doActivateExtension vscode.merge-conflict, startup: false, activationEvent: 'onStartupFinished'
[2022-08-27 22:09:08.994] [exthost] [info] ExtensionService#_doActivateExtension aaron-bond.better-comments, startup: false, activationEvent: 'onStartupFinished'
[2022-08-27 22:10:34.605] [exthost] [info] Extension host terminating: received terminate message from renderer
[2022-08-27 22:10:34.627] [exthost] [error] Error: read ECONNRESET
    at Pipe.onStreamRead (node:internal/stream_base_commons:220:20)
[2022-08-27 22:10:34.630] [exthost] [info] Extension host with pid 28829 exiting with code 0
